2019-05-21 07:26:18,292 - root - INFO - one
2019-05-21 07:26:18,293 - root - INFO - one
2019-05-21 07:26:18,293 - root - INFO - one
2019-05-21 07:26:18,294 - root - INFO - one
2019-05-21 07:26:18,294 - root - INFO - one
2019-05-21 07:26:18,294 - root - INFO - one
2019-05-21 07:26:18,294 - root - INFO - one
2019-05-21 07:26:18,294 - root - INFO - one
2019-05-21 07:26:18,295 - root - INFO - one
2019-05-21 07:26:18,295 - root - INFO - one
2019-05-21 07:26:27,549 - root - INFO - one
2019-05-21 07:26:27,549 - root - INFO - one
2019-05-21 07:26:27,550 - root - INFO - one
2019-05-21 07:26:27,550 - root - INFO - one
2019-05-21 07:26:27,550 - root - INFO - one
2019-05-21 07:26:27,550 - root - INFO - one
2019-05-21 07:26:27,550 - root - INFO - one
2019-05-21 07:26:27,552 - root - INFO - one
2019-05-21 07:26:27,552 - root - INFO - one
2019-05-21 07:26:27,553 - root - INFO - one
2019-05-21 07:26:52,119 - root - INFO - one
2019-05-21 07:26:52,120 - root - INFO - one
2019-05-21 07:26:52,120 - root - INFO - one
2019-05-21 07:26:52,120 - root - INFO - one
2019-05-21 07:26:52,120 - root - INFO - one
2019-05-21 07:26:52,121 - root - INFO - one
2019-05-21 07:26:52,121 - root - INFO - one
2019-05-21 07:26:52,122 - root - INFO - one
2019-05-21 07:26:52,122 - root - INFO - one
2019-05-21 07:26:52,123 - root - INFO - one
2019-05-21 07:26:56,373 - root - ERROR - hello!
2019-05-21 07:26:56,373 - root - DEBUG - This is a debug message
2019-05-21 07:26:56,374 - root - INFO - this is an info message
2019-05-21 07:26:56,374 - root - WARNING - tbllalfhldfhd, warning.
2019-05-21 07:27:32,625 - root - INFO - one
2019-05-21 07:27:32,625 - root - INFO - one
2019-05-21 07:27:32,626 - root - INFO - one
2019-05-21 07:27:32,626 - root - INFO - one
2019-05-21 07:27:32,626 - root - INFO - one
2019-05-21 07:27:32,627 - root - INFO - one
2019-05-21 07:27:32,628 - root - INFO - one
2019-05-21 07:27:32,628 - root - INFO - one
2019-05-21 07:27:32,628 - root - INFO - one
2019-05-21 07:27:32,628 - root - INFO - one
2019-05-21 07:27:33,058 - root - ERROR - hello!
2019-05-21 07:27:33,059 - root - DEBUG - This is a debug message
2019-05-21 07:27:33,059 - root - INFO - this is an info message
2019-05-21 07:27:33,060 - root - WARNING - tbllalfhldfhd, warning.
